2012.09.18 16:39:14 org.jivesoftware.openfire.reporting.stats.RrdSqlBackend - Error while accessing information in database: org.postgresql.util.PSQLException: ERROR: invalid memory alloc request size 1207402501
2012.09.18 16:39:14 org.jivesoftware.openfire.reporting.stats.StatsEngine - Error sampling for statistic muc_incoming
java.io.FileNotFoundException: Could not open muc_traffic [non existent]
	at org.jrobin.core.RrdDb.<init>(Unknown Source)
	at org.jrobin.core.RrdDb.<init>(Unknown Source)
	at org.jivesoftware.openfire.reporting.stats.StatsEngine$SampleTask.run(StatsEngine.java:361)
	at java.util.concurrent.Executors$RunnableAdapter.call(Executors.java:441)
	at java.util.concurrent.FutureTask$Sync.innerRun(FutureTask.java:303)
	at java.util.concurrent.FutureTask.run(FutureTask.java:138)
	at java.util.concurrent.ThreadPoolExecutor$Worker.runTask(ThreadPoolExecutor.java:886)
	at java.util.concurrent.ThreadPoolExecutor$Worker.run(ThreadPoolExecutor.java:908)
	at java.lang.Thread.run(Thread.java:662)
2012.09.18 16:39:15 org.jivesoftware.openfire.reporting.stats.RrdSqlBackend - Error while accessing information in database: org.postgresql.util.PSQLException: ERROR: invalid memory alloc request size 1218641925
2012.09.18 16:39:15 org.jivesoftware.openfire.reporting.stats.StatsEngine - Error sampling for statistic muc_occupants
java.io.FileNotFoundException: Could not open muc_occupants [non existent]
	at org.jrobin.core.RrdDb.<init>(Unknown Source)
	at org.jrobin.core.RrdDb.<init>(Unknown Source)
	at org.jivesoftware.openfire.reporting.stats.StatsEngine$SampleTask.run(StatsEngine.java:361)
	at java.util.concurrent.Executors$RunnableAdapter.call(Executors.java:441)
	at java.util.concurrent.FutureTask$Sync.innerRun(FutureTask.java:303)
	at java.util.concurrent.FutureTask.run(FutureTask.java:138)
	at java.util.concurrent.ThreadPoolExecutor$Worker.runTask(ThreadPoolExecutor.java:886)
	at java.util.concurrent.ThreadPoolExecutor$Worker.run(ThreadPoolExecutor.java:908)
	at java.lang.Thread.run(Thread.java:662)
2012.09.18 16:39:16 org.jivesoftware.openfire.reporting.stats.RrdSqlBackend - Error while accessing information in database: org.postgresql.util.PSQLException: ERROR: invalid memory alloc request size 1207402501
2012.09.18 16:39:16 org.jivesoftware.openfire.reporting.stats.StatsEngine - Error sampling for statistic server_bytes_out
java.io.FileNotFoundException: Could not open server_bytes [non existent]
	at org.jrobin.core.RrdDb.<init>(Unknown Source)
	at org.jrobin.core.RrdDb.<init>(Unknown Source)
	at org.jivesoftware.openfire.reporting.stats.StatsEngine$SampleTask.run(StatsEngine.java:361)
	at java.util.concurrent.Executors$RunnableAdapter.call(Executors.java:441)
	at java.util.concurrent.FutureTask$Sync.innerRun(FutureTask.java:303)
	at java.util.concurrent.FutureTask.run(FutureTask.java:138)
	at java.util.concurrent.ThreadPoolExecutor$Worker.runTask(ThreadPoolExecutor.java:886)
	at java.util.concurrent.ThreadPoolExecutor$Worker.run(ThreadPoolExecutor.java:908)
	at java.lang.Thread.run(Thread.java:662)
2012.09.18 16:40:05 org.jivesoftware.openfire.reporting.stats.RrdSqlBackend - Error while accessing information in database: org.postgresql.util.PSQLException: ERROR: invalid memory alloc request size 1207402501
2012.09.18 16:40:05 org.jivesoftware.openfire.reporting.stats.StatsEngine - Error sampling for statistic muc_outgoing
java.io.FileNotFoundException: Could not open muc_traffic [non existent]
	at org.jrobin.core.RrdDb.<init>(Unknown Source)
	at org.jrobin.core.RrdDb.<init>(Unknown Source)
	at org.jivesoftware.openfire.reporting.stats.StatsEngine$SampleTask.run(StatsEngine.java:361)
	at java.util.concurrent.Executors$RunnableAdapter.call(Executors.java:441)
	at java.util.concurrent.FutureTask$Sync.innerRun(FutureTask.java:303)
	at java.util.concurrent.FutureTask.run(FutureTask.java:138)
	at java.util.concurrent.ThreadPoolExecutor$Worker.runTask(ThreadPoolExecutor.java:886)
	at java.util.concurrent.ThreadPoolExecutor$Worker.run(ThreadPoolExecutor.java:908)
	at java.lang.Thread.run(Thread.java:662)
2012.09.18 16:40:06 org.jivesoftware.openfire.reporting.stats.RrdSqlBackend - Error while accessing information in database: org.postgresql.util.PSQLException: ERROR: invalid memory alloc request size 1218641925
2012.09.18 16:40:06 org.jivesoftware.openfire.reporting.stats.StatsEngine - Error sampling for statistic server_sessions
java.io.FileNotFoundException: Could not open server_sessions [non existent]
	at org.jrobin.core.RrdDb.<init>(Unknown Source)
	at org.jrobin.core.RrdDb.<init>(Unknown Source)
	at org.jivesoftware.openfire.reporting.stats.StatsEngine$SampleTask.run(StatsEngine.java:361)
	at java.util.concurrent.Executors$RunnableAdapter.call(Executors.java:441)
	at java.util.concurrent.FutureTask$Sync.innerRun(FutureTask.java:303)
	at java.util.concurrent.FutureTask.run(FutureTask.java:138)
	at java.util.concurrent.ThreadPoolExecutor$Worker.runTask(ThreadPoolExecutor.java:886)
	at java.util.concurrent.ThreadPoolExecutor$Worker.run(ThreadPoolExecutor.java:908)
	at java.lang.Thread.run(Thread.java:662)
2012.09.18 16:40:07 org.jivesoftware.openfire.reporting.stats.RrdSqlBackend - Error while accessing information in database: org.postgresql.util.PSQLException: ERROR: invalid memory alloc request size 1218641925
2012.09.18 16:40:07 org.jivesoftware.openfire.reporting.stats.StatsEngine - Error sampling for statistic muc_rooms
java.io.FileNotFoundException: Could not open muc_rooms [non existent]
	at org.jrobin.core.RrdDb.<init>(Unknown Source)
	at org.jrobin.core.RrdDb.<init>(Unknown Source)
	at org.jivesoftware.openfire.reporting.stats.StatsEngine$SampleTask.run(StatsEngine.java:361)
	at java.util.concurrent.Executors$RunnableAdapter.call(Executors.java:441)
	at java.util.concurrent.FutureTask$Sync.innerRun(FutureTask.java:303)
	at java.util.concurrent.FutureTask.run(FutureTask.java:138)
	at java.util.concurrent.ThreadPoolExecutor$Worker.runTask(ThreadPoolExecutor.java:886)
	at java.util.concurrent.ThreadPoolExecutor$Worker.run(ThreadPoolExecutor.java:908)
	at java.lang.Thread.run(Thread.java:662)
2012.09.18 16:40:08 org.jivesoftware.openfire.reporting.stats.RrdSqlBackend - Error while accessing information in database: org.postgresql.util.PSQLException: ERROR: invalid memory alloc request size 1218641925
2012.09.18 16:40:08 org.jivesoftware.openfire.reporting.stats.StatsEngine - Error sampling for statistic conversations
java.io.FileNotFoundException: Could not open conversations [non existent]
	at org.jrobin.core.RrdDb.<init>(Unknown Source)
	at org.jrobin.core.RrdDb.<init>(Unknown Source)
	at org.jivesoftware.openfire.reporting.stats.StatsEngine$SampleTask.run(StatsEngine.java:361)
	at java.util.concurrent.Executors$RunnableAdapter.call(Executors.java:441)
	at java.util.concurrent.FutureTask$Sync.innerRun(FutureTask.java:303)
	at java.util.concurrent.FutureTask.run(FutureTask.java:138)
	at java.util.concurrent.ThreadPoolExecutor$Worker.runTask(ThreadPoolExecutor.java:886)
	at java.util.concurrent.ThreadPoolExecutor$Worker.run(ThreadPoolExecutor.java:908)
	at java.lang.Thread.run(Thread.java:662)
2012.09.18 16:40:09 org.jivesoftware.openfire.reporting.stats.RrdSqlBackend - Error while accessing information in database: org.postgresql.util.PSQLException: ERROR: invalid memory alloc request size 1218641925
2012.09.18 16:40:09 org.jivesoftware.openfire.reporting.stats.StatsEngine - Error sampling for statistic muc_users
java.io.FileNotFoundException: Could not open muc_users [non existent]
	at org.jrobin.core.RrdDb.<init>(Unknown Source)
	at org.jrobin.core.RrdDb.<init>(Unknown Source)
	at org.jivesoftware.openfire.reporting.stats.StatsEngine$SampleTask.run(StatsEngine.java:361)
	at java.util.concurrent.Executors$RunnableAdapter.call(Executors.java:441)
	at java.util.concurrent.FutureTask$Sync.innerRun(FutureTask.java:303)
	at java.util.concurrent.FutureTask.run(FutureTask.java:138)
	at java.util.concurrent.ThreadPoolExecutor$Worker.runTask(ThreadPoolExecutor.java:886)
	at java.util.concurrent.ThreadPoolExecutor$Worker.run(ThreadPoolExecutor.java:908)
	at java.lang.Thread.run(Thread.java:662)
2012.09.18 16:40:10 org.jivesoftware.openfire.reporting.stats.RrdSqlBackend - Error while accessing information in database: org.postgresql.util.PSQLException: ERROR: invalid memory alloc request size 1207402501
2012.09.18 16:40:10 org.jivesoftware.openfire.reporting.stats.StatsEngine - Error sampling for statistic server_bytes_in
java.io.FileNotFoundException: Could not open server_bytes [non existent]
	at org.jrobin.core.RrdDb.<init>(Unknown Source)
	at org.jrobin.core.RrdDb.<init>(Unknown Source)
	at org.jivesoftware.openfire.reporting.stats.StatsEngine$SampleTask.run(StatsEngine.java:361)
	at java.util.concurrent.Executors$RunnableAdapter.call(Executors.java:441)
	at java.util.concurrent.FutureTask$Sync.innerRun(FutureTask.java:303)
	at java.util.concurrent.FutureTask.run(FutureTask.java:138)
	at java.util.concurrent.ThreadPoolExecutor$Worker.runTask(ThreadPoolExecutor.java:886)
	at java.util.concurrent.ThreadPoolExecutor$Worker.run(ThreadPoolExecutor.java:908)
	at java.lang.Thread.run(Thread.java:662)
2012.09.18 16:40:11 org.jivesoftware.openfire.reporting.stats.RrdSqlBackend - Error while accessing information in database: org.postgresql.util.PSQLException: ERROR: invalid memory alloc request size 1218641925
2012.09.18 16:40:11 org.jivesoftware.openfire.reporting.stats.StatsEngine - Error sampling for statistic packet_count
java.io.FileNotFoundException: Could not open packet_count [non existent]
	at org.jrobin.core.RrdDb.<init>(Unknown Source)
	at org.jrobin.core.RrdDb.<init>(Unknown Source)
	at org.jivesoftware.openfire.reporting.stats.StatsEngine$SampleTask.run(StatsEngine.java:361)
	at java.util.concurrent.Executors$RunnableAdapter.call(Executors.java:441)
	at java.util.concurrent.FutureTask$Sync.innerRun(FutureTask.java:303)
	at java.util.concurrent.FutureTask.run(FutureTask.java:138)
	at java.util.concurrent.ThreadPoolExecutor$Worker.runTask(ThreadPoolExecutor.java:886)
	at java.util.concurrent.ThreadPoolExecutor$Worker.run(ThreadPoolExecutor.java:908)
	at java.lang.Thread.run(Thread.java:662)
2012.09.18 16:40:12 org.jivesoftware.openfire.reporting.stats.RrdSqlBackend - Error while accessing information in database: org.postgresql.util.PSQLException: ERROR: invalid memory alloc request size 1218641925
2012.09.18 16:40:12 org.jivesoftware.openfire.reporting.stats.StatsEngine - Error sampling for statistic sessions
java.io.FileNotFoundException: Could not open sessions [non existent]
	at org.jrobin.core.RrdDb.<init>(Unknown Source)
	at org.jrobin.core.RrdDb.<init>(Unknown Source)
	at org.jivesoftware.openfire.reporting.stats.StatsEngine$SampleTask.run(StatsEngine.java:361)
	at java.util.concurrent.Executors$RunnableAdapter.call(Executors.java:441)
	at java.util.concurrent.FutureTask$Sync.innerRun(FutureTask.java:303)
	at java.util.concurrent.FutureTask.run(FutureTask.java:138)
	at java.util.concurrent.ThreadPoolExecutor$Worker.runTask(ThreadPoolExecutor.java:886)
	at java.util.concurrent.ThreadPoolExecutor$Worker.run(ThreadPoolExecutor.java:908)
	at java.lang.Thread.run(Thread.java:662)
2012.09.18 16:40:13 org.jivesoftware.openfire.reporting.stats.RrdSqlBackend - Error while accessing information in database: org.postgresql.util.PSQLException: ERROR: invalid memory alloc request size 1218641925
2012.09.18 16:40:13 org.jivesoftware.openfire.reporting.stats.StatsEngine - Error sampling for statistic proxyTransferRate
java.io.FileNotFoundException: Could not open proxyTransferRate [non existent]
	at org.jrobin.core.RrdDb.<init>(Unknown Source)
	at org.jrobin.core.RrdDb.<init>(Unknown Source)
	at org.jivesoftware.openfire.reporting.stats.StatsEngine$SampleTask.run(StatsEngine.java:361)
	at java.util.concurrent.Executors$RunnableAdapter.call(Executors.java:441)
	at java.util.concurrent.FutureTask$Sync.innerRun(FutureTask.java:303)
	at java.util.concurrent.FutureTask.run(FutureTask.java:138)
	at java.util.concurrent.ThreadPoolExecutor$Worker.runTask(ThreadPoolExecutor.java:886)
	at java.util.concurrent.ThreadPoolExecutor$Worker.run(ThreadPoolExecutor.java:908)
	at java.lang.Thread.run(Thread.java:662)
2012.09.18 16:40:14 org.jivesoftware.openfire.reporting.stats.RrdSqlBackend - Error while accessing information in database: org.postgresql.util.PSQLException: ERROR: invalid memory alloc request size 1207402501
2012.09.18 16:40:14 org.jivesoftware.openfire.reporting.stats.StatsEngine - Error sampling for statistic muc_incoming
java.io.FileNotFoundException: Could not open muc_traffic [non existent]
	at org.jrobin.core.RrdDb.<init>(Unknown Source)
	at org.jrobin.core.RrdDb.<init>(Unknown Source)
	at org.jivesoftware.openfire.reporting.stats.StatsEngine$SampleTask.run(StatsEngine.java:361)
	at java.util.concurrent.Executors$RunnableAdapter.call(Executors.java:441)
	at java.util.concurrent.FutureTask$Sync.innerRun(FutureTask.java:303)
	at java.util.concurrent.FutureTask.run(FutureTask.java:138)
	at java.util.concurrent.ThreadPoolExecutor$Worker.runTask(ThreadPoolExecutor.java:886)
	at java.util.concurrent.ThreadPoolExecutor$Worker.run(ThreadPoolExecutor.java:908)
	at java.lang.Thread.run(Thread.java:662)
2012.09.18 16:40:15 org.jivesoftware.openfire.reporting.stats.RrdSqlBackend - Error while accessing information in database: org.postgresql.util.PSQLException: ERROR: invalid memory alloc request size 1218641925
2012.09.18 16:40:15 org.jivesoftware.openfire.reporting.stats.StatsEngine - Error sampling for statistic muc_occupants
java.io.FileNotFoundException: Could not open muc_occupants [non existent]
	at org.jrobin.core.RrdDb.<init>(Unknown Source)
	at org.jrobin.core.RrdDb.<init>(Unknown Source)
	at org.jivesoftware.openfire.reporting.stats.StatsEngine$SampleTask.run(StatsEngine.java:361)
	at java.util.concurrent.Executors$RunnableAdapter.call(Executors.java:441)
	at java.util.concurrent.FutureTask$Sync.innerRun(FutureTask.java:303)
	at java.util.concurrent.FutureTask.run(FutureTask.java:138)
	at java.util.concurrent.ThreadPoolExecutor$Worker.runTask(ThreadPoolExecutor.java:886)
	at java.util.concurrent.ThreadPoolExecutor$Worker.run(ThreadPoolExecutor.java:908)
	at java.lang.Thread.run(Thread.java:662)
2012.09.18 16:40:16 org.jivesoftware.openfire.reporting.stats.RrdSqlBackend - Error while accessing information in database: org.postgresql.util.PSQLException: ERROR: invalid memory alloc request size 1207402501
2012.09.18 16:40:16 org.jivesoftware.openfire.reporting.stats.StatsEngine - Error sampling for statistic server_bytes_out
java.io.FileNotFoundException: Could not open server_bytes [non existent]
	at org.jrobin.core.RrdDb.<init>(Unknown Source)
	at org.jrobin.core.RrdDb.<init>(Unknown Source)
	at org.jivesoftware.openfire.reporting.stats.StatsEngine$SampleTask.run(StatsEngine.java:361)
	at java.util.concurrent.Executors$RunnableAdapter.call(Executors.java:441)
	at java.util.concurrent.FutureTask$Sync.innerRun(FutureTask.java:303)
	at java.util.concurrent.FutureTask.run(FutureTask.java:138)
	at java.util.concurrent.ThreadPoolExecutor$Worker.runTask(ThreadPoolExecutor.java:886)
	at java.util.concurrent.ThreadPoolExecutor$Worker.run(ThreadPoolExecutor.java:908)
	at java.lang.Thread.run(Thread.java:662)
2012.09.18 16:41:05 org.jivesoftware.openfire.reporting.stats.RrdSqlBackend - Error while accessing information in database: org.postgresql.util.PSQLException: ERROR: invalid memory alloc request size 1207402501
2012.09.18 16:41:05 org.jivesoftware.openfire.reporting.stats.StatsEngine - Error sampling for statistic muc_outgoing
java.io.FileNotFoundException: Could not open muc_traffic [non existent]
	at org.jrobin.core.RrdDb.<init>(Unknown Source)
	at org.jrobin.core.RrdDb.<init>(Unknown Source)
	at org.jivesoftware.openfire.reporting.stats.StatsEngine$SampleTask.run(StatsEngine.java:361)
	at java.util.concurrent.Executors$RunnableAdapter.call(Executors.java:441)
	at java.util.concurrent.FutureTask$Sync.innerRun(FutureTask.java:303)
	at java.util.concurrent.FutureTask.run(FutureTask.java:138)
	at java.util.concurrent.ThreadPoolExecutor$Worker.runTask(ThreadPoolExecutor.java:886)
	at java.util.concurrent.ThreadPoolExecutor$Worker.run(ThreadPoolExecutor.java:908)
	at java.lang.Thread.run(Thread.java:662)
2012.09.18 16:41:22 org.jivesoftware.openfire.reporting.stats.RrdSqlBackend - Error while accessing information in database: org.postgresql.util.PSQLException: ERROR: invalid memory alloc request size 1218641925
2012.09.18 16:41:22 org.jivesoftware.openfire.reporting.stats.StatsEngine - Error sampling for statistic server_sessions
java.io.FileNotFoundException: Could not open server_sessions [non existent]
	at org.jrobin.core.RrdDb.<init>(Unknown Source)
	at org.jrobin.core.RrdDb.<init>(Unknown Source)
	at org.jivesoftware.openfire.reporting.stats.StatsEngine$SampleTask.run(StatsEngine.java:361)
	at java.util.concurrent.Executors$RunnableAdapter.call(Executors.java:441)
	at java.util.concurrent.FutureTask$Sync.innerRun(FutureTask.java:303)
	at java.util.concurrent.FutureTask.run(FutureTask.java:138)
	at java.util.concurrent.ThreadPoolExecutor$Worker.runTask(ThreadPoolExecutor.java:886)
	at java.util.concurrent.ThreadPoolExecutor$Worker.run(ThreadPoolExecutor.java:908)
	at java.lang.Thread.run(Thread.java:662)
2012.09.18 16:41:23 org.jivesoftware.openfire.reporting.stats.RrdSqlBackend - Error while accessing information in database: org.postgresql.util.PSQLException: ERROR: invalid memory alloc request size 1218641925
2012.09.18 16:41:23 org.jivesoftware.openfire.reporting.stats.StatsEngine - Error sampling for statistic muc_rooms
java.io.FileNotFoundException: Could not open muc_rooms [non existent]
	at org.jrobin.core.RrdDb.<init>(Unknown Source)
	at org.jrobin.core.RrdDb.<init>(Unknown Source)
	at org.jivesoftware.openfire.reporting.stats.StatsEngine$SampleTask.run(StatsEngine.java:361)
	at java.util.concurrent.Executors$RunnableAdapter.call(Executors.java:441)
	at java.util.concurrent.FutureTask$Sync.innerRun(FutureTask.java:303)
	at java.util.concurrent.FutureTask.run(FutureTask.java:138)
	at java.util.concurrent.ThreadPoolExecutor$Worker.runTask(ThreadPoolExecutor.java:886)
	at java.util.concurrent.ThreadPoolExecutor$Worker.run(ThreadPoolExecutor.java:908)
	at java.lang.Thread.run(Thread.java:662)
2012.09.18 16:41:24 org.jivesoftware.openfire.reporting.stats.RrdSqlBackend - Error while accessing information in database: org.postgresql.util.PSQLException: ERROR: invalid memory alloc request size 1218641925
2012.09.18 16:41:24 org.jivesoftware.openfire.reporting.stats.StatsEngine - Error sampling for statistic conversations
java.io.FileNotFoundException: Could not open conversations [non existent]
	at org.jrobin.core.RrdDb.<init>(Unknown Source)
	at org.jrobin.core.RrdDb.<init>(Unknown Source)
	at org.jivesoftware.openfire.reporting.stats.StatsEngine$SampleTask.run(StatsEngine.java:361)
	at java.util.concurrent.Executors$RunnableAdapter.call(Executors.java:441)
	at java.util.concurrent.FutureTask$Sync.innerRun(FutureTask.java:303)
	at java.util.concurrent.FutureTask.run(FutureTask.java:138)
	at java.util.concurrent.ThreadPoolExecutor$Worker.runTask(ThreadPoolExecutor.java:886)
	at java.util.concurrent.ThreadPoolExecutor$Worker.run(ThreadPoolExecutor.java:908)
	at java.lang.Thread.run(Thread.java:662)
2012.09.18 16:41:25 org.jivesoftware.openfire.reporting.stats.RrdSqlBackend - Error while accessing information in database: org.postgresql.util.PSQLException: ERROR: invalid memory alloc request size 1218641925
2012.09.18 16:41:25 org.jivesoftware.openfire.reporting.stats.StatsEngine - Error sampling for statistic muc_users
java.io.FileNotFoundException: Could not open muc_users [non existent]
	at org.jrobin.core.RrdDb.<init>(Unknown Source)
	at org.jrobin.core.RrdDb.<init>(Unknown Source)
	at org.jivesoftware.openfire.reporting.stats.StatsEngine$SampleTask.run(StatsEngine.java:361)
	at java.util.concurrent.Executors$RunnableAdapter.call(Executors.java:441)
	at java.util.concurrent.FutureTask$Sync.innerRun(FutureTask.java:303)
	at java.util.concurrent.FutureTask.run(FutureTask.java:138)
	at java.util.concurrent.ThreadPoolExecutor$Worker.runTask(ThreadPoolExecutor.java:886)
	at java.util.concurrent.ThreadPoolExecutor$Worker.run(ThreadPoolExecutor.java:908)
	at java.lang.Thread.run(Thread.java:662)
2012.09.18 16:41:26 org.jivesoftware.openfire.reporting.stats.RrdSqlBackend - Error while accessing information in database: org.postgresql.util.PSQLException: ERROR: invalid memory alloc request size 1207402501
2012.09.18 16:41:26 org.jivesoftware.openfire.reporting.stats.StatsEngine - Error sampling for statistic server_bytes_in
java.io.FileNotFoundException: Could not open server_bytes [non existent]
	at org.jrobin.core.RrdDb.<init>(Unknown Source)
	at org.jrobin.core.RrdDb.<init>(Unknown Source)
	at org.jivesoftware.openfire.reporting.stats.StatsEngine$SampleTask.run(StatsEngine.java:361)
	at java.util.concurrent.Executors$RunnableAdapter.call(Executors.java:441)
	at java.util.concurrent.FutureTask$Sync.innerRun(FutureTask.java:303)
	at java.util.concurrent.FutureTask.run(FutureTask.java:138)
	at java.util.concurrent.ThreadPoolExecutor$Worker.runTask(ThreadPoolExecutor.java:886)
	at java.util.concurrent.ThreadPoolExecutor$Worker.run(ThreadPoolExecutor.java:908)
	at java.lang.Thread.run(Thread.java:662)
2012.09.18 16:41:27 org.jivesoftware.openfire.reporting.stats.RrdSqlBackend - Error while accessing information in database: org.postgresql.util.PSQLException: ERROR: invalid memory alloc request size 1218641925
2012.09.18 16:41:27 org.jivesoftware.openfire.reporting.stats.StatsEngine - Error sampling for statistic packet_count
java.io.FileNotFoundException: Could not open packet_count [non existent]
	at org.jrobin.core.RrdDb.<init>(Unknown Source)
	at org.jrobin.core.RrdDb.<init>(Unknown Source)
	at org.jivesoftware.openfire.reporting.stats.StatsEngine$SampleTask.run(StatsEngine.java:361)
	at java.util.concurrent.Executors$RunnableAdapter.call(Executors.java:441)
	at java.util.concurrent.FutureTask$Sync.innerRun(FutureTask.java:303)
	at java.util.concurrent.FutureTask.run(FutureTask.java:138)
	at java.util.concurrent.ThreadPoolExecutor$Worker.runTask(ThreadPoolExecutor.java:886)
	at java.util.concurrent.ThreadPoolExecutor$Worker.run(ThreadPoolExecutor.java:908)
	at java.lang.Thread.run(Thread.java:662)
2012.09.18 16:41:28 org.jivesoftware.openfire.reporting.stats.RrdSqlBackend - Error while accessing information in database: org.postgresql.util.PSQLException: ERROR: invalid memory alloc request size 1218641925
2012.09.18 16:41:28 org.jivesoftware.openfire.reporting.stats.StatsEngine - Error sampling for statistic sessions
java.io.FileNotFoundException: Could not open sessions [non existent]
	at org.jrobin.core.RrdDb.<init>(Unknown Source)
	at org.jrobin.core.RrdDb.<init>(Unknown Source)
	at org.jivesoftware.openfire.reporting.stats.StatsEngine$SampleTask.run(StatsEngine.java:361)
	at java.util.concurrent.Executors$RunnableAdapter.call(Executors.java:441)
	at java.util.concurrent.FutureTask$Sync.innerRun(FutureTask.java:303)
	at java.util.concurrent.FutureTask.run(FutureTask.java:138)
	at java.util.concurrent.ThreadPoolExecutor$Worker.runTask(ThreadPoolExecutor.java:886)
	at java.util.concurrent.ThreadPoolExecutor$Worker.run(ThreadPoolExecutor.java:908)
	at java.lang.Thread.run(Thread.java:662)
