2012.09.17 07:25:56 org.jivesoftware.openfire.XMPPServer - Openfire 3.7.1 [Sep 17, 2012 7:25:56 AM]
2012.09.17 07:26:00 org.jivesoftware.openfire.container.AdminConsolePlugin - Admin console listening at http://127.0.0.1:9090
2012.09.17 07:27:54 org.jivesoftware.database.DbConnectionManager - Unable to get a connection from the database pool (attempt 0 out of 10).
org.postgresql.util.PSQLException: FATAL: database "rides.openfire" does not exist
	at org.postgresql.core.v3.ConnectionFactoryImpl.readStartupMessages(ConnectionFactoryImpl.java:444)
	at org.postgresql.core.v3.ConnectionFactoryImpl.openConnectionImpl(ConnectionFactoryImpl.java:99)
	at org.postgresql.core.ConnectionFactory.openConnection(ConnectionFactory.java:66)
	at org.postgresql.jdbc2.AbstractJdbc2Connection.<init>(AbstractJdbc2Connection.java:124)
	at org.postgresql.jdbc3.AbstractJdbc3Connection.<init>(AbstractJdbc3Connection.java:30)
	at org.postgresql.jdbc3.Jdbc3Connection.<init>(Jdbc3Connection.java:24)
	at org.postgresql.Driver.makeConnection(Driver.java:386)
	at org.postgresql.Driver.connect(Driver.java:260)
	at java.sql.DriverManager.getConnection(DriverManager.java:582)
	at java.sql.DriverManager.getConnection(DriverManager.java:154)
	at org.logicalcobwebs.proxool.DefaultConnectionBuilder.buildConnection(DefaultConnectionBuilder.java:39)
	at org.logicalcobwebs.proxool.Prototyper.buildConnection(Prototyper.java:159)
	at org.logicalcobwebs.proxool.ConnectionPool.getConnection(ConnectionPool.java:211)
	at org.logicalcobwebs.proxool.ProxoolDriver.connect(ProxoolDriver.java:89)
	at java.sql.DriverManager.getConnection(DriverManager.java:582)
	at java.sql.DriverManager.getConnection(DriverManager.java:154)
	at org.jivesoftware.database.DefaultConnectionProvider.getConnection(DefaultConnectionProvider.java:86)
	at org.jivesoftware.database.DbConnectionManager.getConnection(DbConnectionManager.java:124)
	at org.jivesoftware.openfire.admin.setup.setup_002ddatasource_002dstandard_jsp.testConnection(setup_002ddatasource_002dstandard_jsp.java:35)
	at org.jivesoftware.openfire.admin.setup.setup_002ddatasource_002dstandard_jsp._jspService(setup_002ddatasource_002dstandard_jsp.java:207)
	at org.apache.jasper.runtime.HttpJspBase.service(HttpJspBase.java:97)
	at javax.servlet.http.HttpServlet.service(HttpServlet.java:820)
	at org.eclipse.jetty.servlet.ServletHolder.handle(ServletHolder.java:530)
	at org.eclipse.jetty.servlet.ServletHandler$CachedChain.doFilter(ServletHandler.java:1216)
	at com.opensymphony.module.sitemesh.filter.PageFilter.parsePage(PageFilter.java:118)
	at com.opensymphony.module.sitemesh.filter.PageFilter.doFilter(PageFilter.java:52)
	at org.eclipse.jetty.servlet.ServletHandler$CachedChain.doFilter(ServletHandler.java:1187)
	at org.jivesoftware.util.LocaleFilter.doFilter(LocaleFilter.java:74)
	at org.eclipse.jetty.servlet.ServletHandler$CachedChain.doFilter(ServletHandler.java:1187)
	at org.jivesoftware.util.SetCharacterEncodingFilter.doFilter(SetCharacterEncodingFilter.java:50)
	at org.eclipse.jetty.servlet.ServletHandler$CachedChain.doFilter(ServletHandler.java:1187)
	at org.jivesoftware.admin.PluginFilter.doFilter(PluginFilter.java:78)
	at org.eclipse.jetty.servlet.ServletHandler$CachedChain.doFilter(ServletHandler.java:1187)
	at org.jivesoftware.admin.AuthCheckFilter.doFilter(AuthCheckFilter.java:164)
	at org.eclipse.jetty.servlet.ServletHandler$CachedChain.doFilter(ServletHandler.java:1187)
	at org.eclipse.jetty.servlet.ServletHandler.doHandle(ServletHandler.java:425)
	at org.eclipse.jetty.server.handler.ScopedHandler.handle(ScopedHandler.java:119)
	at org.eclipse.jetty.security.SecurityHandler.handle(SecurityHandler.java:494)
	at org.eclipse.jetty.server.session.SessionHandler.handle(SessionHandler.java:182)
	at org.eclipse.jetty.server.handler.ContextHandler.doHandle(ContextHandler.java:933)
	at org.eclipse.jetty.servlet.ServletHandler.doScope(ServletHandler.java:362)
	at org.eclipse.jetty.server.handler.ContextHandler.doScope(ContextHandler.java:867)
	at org.eclipse.jetty.server.handler.ScopedHandler.handle(ScopedHandler.java:117)
	at org.eclipse.jetty.server.handler.ContextHandlerCollection.handle(ContextHandlerCollection.java:245)
	at org.eclipse.jetty.server.handler.HandlerCollection.handle(HandlerCollection.java:126)
	at org.eclipse.jetty.server.handler.HandlerWrapper.handle(HandlerWrapper.java:113)
	at org.eclipse.jetty.server.Server.handle(Server.java:334)
	at org.eclipse.jetty.server.HttpConnection.handleRequest(HttpConnection.java:559)
	at org.eclipse.jetty.server.HttpConnection$RequestHandler.content(HttpConnection.java:1007)
	at org.eclipse.jetty.http.HttpParser.parseNext(HttpParser.java:747)
	at org.eclipse.jetty.http.HttpParser.parseAvailable(HttpParser.java:209)
	at org.eclipse.jetty.server.HttpConnection.handle(HttpConnection.java:406)
	at org.eclipse.jetty.io.nio.SelectChannelEndPoint.run(SelectChannelEndPoint.java:462)
	at org.eclipse.jetty.util.thread.QueuedThreadPool$2.run(QueuedThreadPool.java:436)
	at java.lang.Thread.run(Thread.java:662)
2012.09.17 07:27:54 org.jivesoftware.database.DbConnectionManager - Unable to get a connection from the database pool (attempt 1 out of 10).
org.postgresql.util.PSQLException: FATAL: database "rides.openfire" does not exist
	at org.postgresql.core.v3.ConnectionFactoryImpl.readStartupMessages(ConnectionFactoryImpl.java:444)
	at org.postgresql.core.v3.ConnectionFactoryImpl.openConnectionImpl(ConnectionFactoryImpl.java:99)
	at org.postgresql.core.ConnectionFactory.openConnection(ConnectionFactory.java:66)
	at org.postgresql.jdbc2.AbstractJdbc2Connection.<init>(AbstractJdbc2Connection.java:124)
	at org.postgresql.jdbc3.AbstractJdbc3Connection.<init>(AbstractJdbc3Connection.java:30)
	at org.postgresql.jdbc3.Jdbc3Connection.<init>(Jdbc3Connection.java:24)
	at org.postgresql.Driver.makeConnection(Driver.java:386)
	at org.postgresql.Driver.connect(Driver.java:260)
	at java.sql.DriverManager.getConnection(DriverManager.java:582)
	at java.sql.DriverManager.getConnection(DriverManager.java:154)
	at org.logicalcobwebs.proxool.DefaultConnectionBuilder.buildConnection(DefaultConnectionBuilder.java:39)
	at org.logicalcobwebs.proxool.Prototyper.buildConnection(Prototyper.java:159)
	at org.logicalcobwebs.proxool.ConnectionPool.getConnection(ConnectionPool.java:211)
	at org.logicalcobwebs.proxool.ProxoolDriver.connect(ProxoolDriver.java:89)
	at java.sql.DriverManager.getConnection(DriverManager.java:582)
	at java.sql.DriverManager.getConnection(DriverManager.java:154)
	at org.jivesoftware.database.DefaultConnectionProvider.getConnection(DefaultConnectionProvider.java:86)
	at org.jivesoftware.database.DbConnectionManager.getConnection(DbConnectionManager.java:124)
	at org.jivesoftware.openfire.admin.setup.setup_002ddatasource_002dstandard_jsp.testConnection(setup_002ddatasource_002dstandard_jsp.java:35)
	at org.jivesoftware.openfire.admin.setup.setup_002ddatasource_002dstandard_jsp._jspService(setup_002ddatasource_002dstandard_jsp.java:207)
	at org.apache.jasper.runtime.HttpJspBase.service(HttpJspBase.java:97)
	at javax.servlet.http.HttpServlet.service(HttpServlet.java:820)
	at org.eclipse.jetty.servlet.ServletHolder.handle(ServletHolder.java:530)
	at org.eclipse.jetty.servlet.ServletHandler$CachedChain.doFilter(ServletHandler.java:1216)
	at com.opensymphony.module.sitemesh.filter.PageFilter.parsePage(PageFilter.java:118)
	at com.opensymphony.module.sitemesh.filter.PageFilter.doFilter(PageFilter.java:52)
	at org.eclipse.jetty.servlet.ServletHandler$CachedChain.doFilter(ServletHandler.java:1187)
	at org.jivesoftware.util.LocaleFilter.doFilter(LocaleFilter.java:74)
	at org.eclipse.jetty.servlet.ServletHandler$CachedChain.doFilter(ServletHandler.java:1187)
	at org.jivesoftware.util.SetCharacterEncodingFilter.doFilter(SetCharacterEncodingFilter.java:50)
	at org.eclipse.jetty.servlet.ServletHandler$CachedChain.doFilter(ServletHandler.java:1187)
	at org.jivesoftware.admin.PluginFilter.doFilter(PluginFilter.java:78)
	at org.eclipse.jetty.servlet.ServletHandler$CachedChain.doFilter(ServletHandler.java:1187)
	at org.jivesoftware.admin.AuthCheckFilter.doFilter(AuthCheckFilter.java:164)
	at org.eclipse.jetty.servlet.ServletHandler$CachedChain.doFilter(ServletHandler.java:1187)
	at org.eclipse.jetty.servlet.ServletHandler.doHandle(ServletHandler.java:425)
	at org.eclipse.jetty.server.handler.ScopedHandler.handle(ScopedHandler.java:119)
	at org.eclipse.jetty.security.SecurityHandler.handle(SecurityHandler.java:494)
	at org.eclipse.jetty.server.session.SessionHandler.handle(SessionHandler.java:182)
	at org.eclipse.jetty.server.handler.ContextHandler.doHandle(ContextHandler.java:933)
	at org.eclipse.jetty.servlet.ServletHandler.doScope(ServletHandler.java:362)
	at org.eclipse.jetty.server.handler.ContextHandler.doScope(ContextHandler.java:867)
	at org.eclipse.jetty.server.handler.ScopedHandler.handle(ScopedHandler.java:117)
	at org.eclipse.jetty.server.handler.ContextHandlerCollection.handle(ContextHandlerCollection.java:245)
	at org.eclipse.jetty.server.handler.HandlerCollection.handle(HandlerCollection.java:126)
	at org.eclipse.jetty.server.handler.HandlerWrapper.handle(HandlerWrapper.java:113)
	at org.eclipse.jetty.server.Server.handle(Server.java:334)
	at org.eclipse.jetty.server.HttpConnection.handleRequest(HttpConnection.java:559)
	at org.eclipse.jetty.server.HttpConnection$RequestHandler.content(HttpConnection.java:1007)
	at org.eclipse.jetty.http.HttpParser.parseNext(HttpParser.java:747)
	at org.eclipse.jetty.http.HttpParser.parseAvailable(HttpParser.java:209)
	at org.eclipse.jetty.server.HttpConnection.handle(HttpConnection.java:406)
	at org.eclipse.jetty.io.nio.SelectChannelEndPoint.run(SelectChannelEndPoint.java:462)
	at org.eclipse.jetty.util.thread.QueuedThreadPool$2.run(QueuedThreadPool.java:436)
	at java.lang.Thread.run(Thread.java:662)
2012.09.17 07:27:55 org.jivesoftware.database.DbConnectionManager - Unable to get a connection from the database pool (attempt 2 out of 10).
org.postgresql.util.PSQLException: FATAL: database "rides.openfire" does not exist
	at org.postgresql.core.v3.ConnectionFactoryImpl.readStartupMessages(ConnectionFactoryImpl.java:444)
	at org.postgresql.core.v3.ConnectionFactoryImpl.openConnectionImpl(ConnectionFactoryImpl.java:99)
	at org.postgresql.core.ConnectionFactory.openConnection(ConnectionFactory.java:66)
	at org.postgresql.jdbc2.AbstractJdbc2Connection.<init>(AbstractJdbc2Connection.java:124)
	at org.postgresql.jdbc3.AbstractJdbc3Connection.<init>(AbstractJdbc3Connection.java:30)
	at org.postgresql.jdbc3.Jdbc3Connection.<init>(Jdbc3Connection.java:24)
	at org.postgresql.Driver.makeConnection(Driver.java:386)
	at org.postgresql.Driver.connect(Driver.java:260)
	at java.sql.DriverManager.getConnection(DriverManager.java:582)
	at java.sql.DriverManager.getConnection(DriverManager.java:154)
	at org.logicalcobwebs.proxool.DefaultConnectionBuilder.buildConnection(DefaultConnectionBuilder.java:39)
	at org.logicalcobwebs.proxool.Prototyper.buildConnection(Prototyper.java:159)
	at org.logicalcobwebs.proxool.ConnectionPool.getConnection(ConnectionPool.java:211)
	at org.logicalcobwebs.proxool.ProxoolDriver.connect(ProxoolDriver.java:89)
	at java.sql.DriverManager.getConnection(DriverManager.java:582)
	at java.sql.DriverManager.getConnection(DriverManager.java:154)
	at org.jivesoftware.database.DefaultConnectionProvider.getConnection(DefaultConnectionProvider.java:86)
	at org.jivesoftware.database.DbConnectionManager.getConnection(DbConnectionManager.java:124)
	at org.jivesoftware.openfire.admin.setup.setup_002ddatasource_002dstandard_jsp.testConnection(setup_002ddatasource_002dstandard_jsp.java:35)
	at org.jivesoftware.openfire.admin.setup.setup_002ddatasource_002dstandard_jsp._jspService(setup_002ddatasource_002dstandard_jsp.java:207)
	at org.apache.jasper.runtime.HttpJspBase.service(HttpJspBase.java:97)
	at javax.servlet.http.HttpServlet.service(HttpServlet.java:820)
	at org.eclipse.jetty.servlet.ServletHolder.handle(ServletHolder.java:530)
	at org.eclipse.jetty.servlet.ServletHandler$CachedChain.doFilter(ServletHandler.java:1216)
	at com.opensymphony.module.sitemesh.filter.PageFilter.parsePage(PageFilter.java:118)
	at com.opensymphony.module.sitemesh.filter.PageFilter.doFilter(PageFilter.java:52)
	at org.eclipse.jetty.servlet.ServletHandler$CachedChain.doFilter(ServletHandler.java:1187)
	at org.jivesoftware.util.LocaleFilter.doFilter(LocaleFilter.java:74)
	at org.eclipse.jetty.servlet.ServletHandler$CachedChain.doFilter(ServletHandler.java:1187)
	at org.jivesoftware.util.SetCharacterEncodingFilter.doFilter(SetCharacterEncodingFilter.java:50)
	at org.eclipse.jetty.servlet.ServletHandler$CachedChain.doFilter(ServletHandler.java:1187)
	at org.jivesoftware.admin.PluginFilter.doFilter(PluginFilter.java:78)
	at org.eclipse.jetty.servlet.ServletHandler$CachedChain.doFilter(ServletHandler.java:1187)
	at org.jivesoftware.admin.AuthCheckFilter.doFilter(AuthCheckFilter.java:164)
	at org.eclipse.jetty.servlet.ServletHandler$CachedChain.doFilter(ServletHandler.java:1187)
	at org.eclipse.jetty.servlet.ServletHandler.doHandle(ServletHandler.java:425)
	at org.eclipse.jetty.server.handler.ScopedHandler.handle(ScopedHandler.java:119)
	at org.eclipse.jetty.security.SecurityHandler.handle(SecurityHandler.java:494)
	at org.eclipse.jetty.server.session.SessionHandler.handle(SessionHandler.java:182)
	at org.eclipse.jetty.server.handler.ContextHandler.doHandle(ContextHandler.java:933)
	at org.eclipse.jetty.servlet.ServletHandler.doScope(ServletHandler.java:362)
	at org.eclipse.jetty.server.handler.ContextHandler.doScope(ContextHandler.java:867)
	at org.eclipse.jetty.server.handler.ScopedHandler.handle(ScopedHandler.java:117)
	at org.eclipse.jetty.server.handler.ContextHandlerCollection.handle(ContextHandlerCollection.java:245)
	at org.eclipse.jetty.server.handler.HandlerCollection.handle(HandlerCollection.java:126)
	at org.eclipse.jetty.server.handler.HandlerWrapper.handle(HandlerWrapper.java:113)
	at org.eclipse.jetty.server.Server.handle(Server.java:334)
	at org.eclipse.jetty.server.HttpConnection.handleRequest(HttpConnection.java:559)
	at org.eclipse.jetty.server.HttpConnection$RequestHandler.content(HttpConnection.java:1007)
	at org.eclipse.jetty.http.HttpParser.parseNext(HttpParser.java:747)
	at org.eclipse.jetty.http.HttpParser.parseAvailable(HttpParser.java:209)
	at org.eclipse.jetty.server.HttpConnection.handle(HttpConnection.java:406)
	at org.eclipse.jetty.io.nio.SelectChannelEndPoint.run(SelectChannelEndPoint.java:462)
	at org.eclipse.jetty.util.thread.QueuedThreadPool$2.run(QueuedThreadPool.java:436)
	at java.lang.Thread.run(Thread.java:662)
2012.09.17 07:27:55 org.jivesoftware.database.DbConnectionManager - Unable to get a connection from the database pool (attempt 3 out of 10).
org.postgresql.util.PSQLException: FATAL: database "rides.openfire" does not exist
	at org.postgresql.core.v3.ConnectionFactoryImpl.readStartupMessages(ConnectionFactoryImpl.java:444)
	at org.postgresql.core.v3.ConnectionFactoryImpl.openConnectionImpl(ConnectionFactoryImpl.java:99)
	at org.postgresql.core.ConnectionFactory.openConnection(ConnectionFactory.java:66)
	at org.postgresql.jdbc2.AbstractJdbc2Connection.<init>(AbstractJdbc2Connection.java:124)
	at org.postgresql.jdbc3.AbstractJdbc3Connection.<init>(AbstractJdbc3Connection.java:30)
	at org.postgresql.jdbc3.Jdbc3Connection.<init>(Jdbc3Connection.java:24)
	at org.postgresql.Driver.makeConnection(Driver.java:386)
	at org.postgresql.Driver.connect(Driver.java:260)
	at java.sql.DriverManager.getConnection(DriverManager.java:582)
	at java.sql.DriverManager.getConnection(DriverManager.java:154)
	at org.logicalcobwebs.proxool.DefaultConnectionBuilder.buildConnection(DefaultConnectionBuilder.java:39)
	at org.logicalcobwebs.proxool.Prototyper.buildConnection(Prototyper.java:159)
	at org.logicalcobwebs.proxool.ConnectionPool.getConnection(ConnectionPool.java:211)
	at org.logicalcobwebs.proxool.ProxoolDriver.connect(ProxoolDriver.java:89)
	at java.sql.DriverManager.getConnection(DriverManager.java:582)
	at java.sql.DriverManager.getConnection(DriverManager.java:154)
	at org.jivesoftware.database.DefaultConnectionProvider.getConnection(DefaultConnectionProvider.java:86)
	at org.jivesoftware.database.DbConnectionManager.getConnection(DbConnectionManager.java:124)
	at org.jivesoftware.openfire.admin.setup.setup_002ddatasource_002dstandard_jsp.testConnection(setup_002ddatasource_002dstandard_jsp.java:35)
	at org.jivesoftware.openfire.admin.setup.setup_002ddatasource_002dstandard_jsp._jspService(setup_002ddatasource_002dstandard_jsp.java:207)
	at org.apache.jasper.runtime.HttpJspBase.service(HttpJspBase.java:97)
	at javax.servlet.http.HttpServlet.service(HttpServlet.java:820)
	at org.eclipse.jetty.servlet.ServletHolder.handle(ServletHolder.java:530)
	at org.eclipse.jetty.servlet.ServletHandler$CachedChain.doFilter(ServletHandler.java:1216)
	at com.opensymphony.module.sitemesh.filter.PageFilter.parsePage(PageFilter.java:118)
	at com.opensymphony.module.sitemesh.filter.PageFilter.doFilter(PageFilter.java:52)
	at org.eclipse.jetty.servlet.ServletHandler$CachedChain.doFilter(ServletHandler.java:1187)
	at org.jivesoftware.util.LocaleFilter.doFilter(LocaleFilter.java:74)
	at org.eclipse.jetty.servlet.ServletHandler$CachedChain.doFilter(ServletHandler.java:1187)
	at org.jivesoftware.util.SetCharacterEncodingFilter.doFilter(SetCharacterEncodingFilter.java:50)
	at org.eclipse.jetty.servlet.ServletHandler$CachedChain.doFilter(ServletHandler.java:1187)
	at org.jivesoftware.admin.PluginFilter.doFilter(PluginFilter.java:78)
	at org.eclipse.jetty.servlet.ServletHandler$CachedChain.doFilter(ServletHandler.java:1187)
	at org.jivesoftware.admin.AuthCheckFilter.doFilter(AuthCheckFilter.java:164)
	at org.eclipse.jetty.servlet.ServletHandler$CachedChain.doFilter(ServletHandler.java:1187)
	at org.eclipse.jetty.servlet.ServletHandler.doHandle(ServletHandler.java:425)
	at org.eclipse.jetty.server.handler.ScopedHandler.handle(ScopedHandler.java:119)
	at org.eclipse.jetty.security.SecurityHandler.handle(SecurityHandler.java:494)
	at org.eclipse.jetty.server.session.SessionHandler.handle(SessionHandler.java:182)
	at org.eclipse.jetty.server.handler.ContextHandler.doHandle(ContextHandler.java:933)
	at org.eclipse.jetty.servlet.ServletHandler.doScope(ServletHandler.java:362)
	at org.eclipse.jetty.server.handler.ContextHandler.doScope(ContextHandler.java:867)
	at org.eclipse.jetty.server.handler.ScopedHandler.handle(ScopedHandler.java:117)
	at org.eclipse.jetty.server.handler.ContextHandlerCollection.handle(ContextHandlerCollection.java:245)
	at org.eclipse.jetty.server.handler.HandlerCollection.handle(HandlerCollection.java:126)
	at org.eclipse.jetty.server.handler.HandlerWrapper.handle(HandlerWrapper.java:113)
	at org.eclipse.jetty.server.Server.handle(Server.java:334)
	at org.eclipse.jetty.server.HttpConnection.handleRequest(HttpConnection.java:559)
	at org.eclipse.jetty.server.HttpConnection$RequestHandler.content(HttpConnection.java:1007)
	at org.eclipse.jetty.http.HttpParser.parseNext(HttpParser.java:747)
	at org.eclipse.jetty.http.HttpParser.parseAvailable(HttpParser.java:209)
	at org.eclipse.jetty.server.HttpConnection.handle(HttpConnection.java:406)
	at org.eclipse.jetty.io.nio.SelectChannelEndPoint.run(SelectChannelEndPoint.java:462)
	at org.eclipse.jetty.util.thread.QueuedThreadPool$2.run(QueuedThreadPool.java:436)
	at java.lang.Thread.run(Thread.java:662)
2012.09.17 07:27:55 org.jivesoftware.database.DbConnectionManager - Unable to get a connection from the database pool (attempt 4 out of 10).
org.postgresql.util.PSQLException: FATAL: database "rides.openfire" does not exist
	at org.postgresql.core.v3.ConnectionFactoryImpl.readStartupMessages(ConnectionFactoryImpl.java:444)
	at org.postgresql.core.v3.ConnectionFactoryImpl.openConnectionImpl(ConnectionFactoryImpl.java:99)
	at org.postgresql.core.ConnectionFactory.openConnection(ConnectionFactory.java:66)
	at org.postgresql.jdbc2.AbstractJdbc2Connection.<init>(AbstractJdbc2Connection.java:124)
	at org.postgresql.jdbc3.AbstractJdbc3Connection.<init>(AbstractJdbc3Connection.java:30)
	at org.postgresql.jdbc3.Jdbc3Connection.<init>(Jdbc3Connection.java:24)
	at org.postgresql.Driver.makeConnection(Driver.java:386)
	at org.postgresql.Driver.connect(Driver.java:260)
	at java.sql.DriverManager.getConnection(DriverManager.java:582)
	at java.sql.DriverManager.getConnection(DriverManager.java:154)
	at org.logicalcobwebs.proxool.DefaultConnectionBuilder.buildConnection(DefaultConnectionBuilder.java:39)
	at org.logicalcobwebs.proxool.Prototyper.buildConnection(Prototyper.java:159)
	at org.logicalcobwebs.proxool.ConnectionPool.getConnection(ConnectionPool.java:211)
	at org.logicalcobwebs.proxool.ProxoolDriver.connect(ProxoolDriver.java:89)
	at java.sql.DriverManager.getConnection(DriverManager.java:582)
	at java.sql.DriverManager.getConnection(DriverManager.java:154)
	at org.jivesoftware.database.DefaultConnectionProvider.getConnection(DefaultConnectionProvider.java:86)
	at org.jivesoftware.database.DbConnectionManager.getConnection(DbConnectionManager.java:124)
	at org.jivesoftware.openfire.admin.setup.setup_002ddatasource_002dstandard_jsp.testConnection(setup_002ddatasource_002dstandard_jsp.java:35)
	at org.jivesoftware.openfire.admin.setup.setup_002ddatasource_002dstandard_jsp._jspService(setup_002ddatasource_002dstandard_jsp.java:207)
	at org.apache.jasper.runtime.HttpJspBase.service(HttpJspBase.java:97)
	at javax.servlet.http.HttpServlet.service(HttpServlet.java:820)
	at org.eclipse.jetty.servlet.ServletHolder.handle(ServletHolder.java:530)
	at org.eclipse.jetty.servlet.ServletHandler$CachedChain.doFilter(ServletHandler.java:1216)
	at com.opensymphony.module.sitemesh.filter.PageFilter.parsePage(PageFilter.java:118)
	at com.opensymphony.module.sitemesh.filter.PageFilter.doFilter(PageFilter.java:52)
	at org.eclipse.jetty.servlet.ServletHandler$CachedChain.doFilter(ServletHandler.java:1187)
	at org.jivesoftware.util.LocaleFilter.doFilter(LocaleFilter.java:74)
	at org.eclipse.jetty.servlet.ServletHandler$CachedChain.doFilter(ServletHandler.java:1187)
	at org.jivesoftware.util.SetCharacterEncodingFilter.doFilter(SetCharacterEncodingFilter.java:50)
	at org.eclipse.jetty.servlet.ServletHandler$CachedChain.doFilter(ServletHandler.java:1187)
	at org.jivesoftware.admin.PluginFilter.doFilter(PluginFilter.java:78)
	at org.eclipse.jetty.servlet.ServletHandler$CachedChain.doFilter(ServletHandler.java:1187)
	at org.jivesoftware.admin.AuthCheckFilter.doFilter(AuthCheckFilter.java:164)
	at org.eclipse.jetty.servlet.ServletHandler$CachedChain.doFilter(ServletHandler.java:1187)
	at org.eclipse.jetty.servlet.ServletHandler.doHandle(ServletHandler.java:425)
	at org.eclipse.jetty.server.handler.ScopedHandler.handle(ScopedHandler.java:119)
	at org.eclipse.jetty.security.SecurityHandler.handle(SecurityHandler.java:494)
	at org.eclipse.jetty.server.session.SessionHandler.handle(SessionHandler.java:182)
	at org.eclipse.jetty.server.handler.ContextHandler.doHandle(ContextHandler.java:933)
	at org.eclipse.jetty.servlet.ServletHandler.doScope(ServletHandler.java:362)
	at org.eclipse.jetty.server.handler.ContextHandler.doScope(ContextHandler.java:867)
	at org.eclipse.jetty.server.handler.ScopedHandler.handle(ScopedHandler.java:117)
	at org.eclipse.jetty.server.handler.ContextHandlerCollection.handle(ContextHandlerCollection.java:245)
	at org.eclipse.jetty.server.handler.HandlerCollection.handle(HandlerCollection.java:126)
	at org.eclipse.jetty.server.handler.HandlerWrapper.handle(HandlerWrapper.java:113)
	at org.eclipse.jetty.server.Server.handle(Server.java:334)
	at org.eclipse.jetty.server.HttpConnection.handleRequest(HttpConnection.java:559)
	at org.eclipse.jetty.server.HttpConnection$RequestHandler.content(HttpConnection.java:1007)
	at org.eclipse.jetty.http.HttpParser.parseNext(HttpParser.java:747)
	at org.eclipse.jetty.http.HttpParser.parseAvailable(HttpParser.java:209)
	at org.eclipse.jetty.server.HttpConnection.handle(HttpConnection.java:406)
	at org.eclipse.jetty.io.nio.SelectChannelEndPoint.run(SelectChannelEndPoint.java:462)
	at org.eclipse.jetty.util.thread.QueuedThreadPool$2.run(QueuedThreadPool.java:436)
	at java.lang.Thread.run(Thread.java:662)
2012.09.17 07:27:56 org.jivesoftware.database.DbConnectionManager - Unable to get a connection from the database pool (attempt 5 out of 10).
org.postgresql.util.PSQLException: FATAL: database "rides.openfire" does not exist
	at org.postgresql.core.v3.ConnectionFactoryImpl.readStartupMessages(ConnectionFactoryImpl.java:444)
	at org.postgresql.core.v3.ConnectionFactoryImpl.openConnectionImpl(ConnectionFactoryImpl.java:99)
	at org.postgresql.core.ConnectionFactory.openConnection(ConnectionFactory.java:66)
	at org.postgresql.jdbc2.AbstractJdbc2Connection.<init>(AbstractJdbc2Connection.java:124)
	at org.postgresql.jdbc3.AbstractJdbc3Connection.<init>(AbstractJdbc3Connection.java:30)
	at org.postgresql.jdbc3.Jdbc3Connection.<init>(Jdbc3Connection.java:24)
	at org.postgresql.Driver.makeConnection(Driver.java:386)
	at org.postgresql.Driver.connect(Driver.java:260)
	at java.sql.DriverManager.getConnection(DriverManager.java:582)
	at java.sql.DriverManager.getConnection(DriverManager.java:154)
	at org.logicalcobwebs.proxool.DefaultConnectionBuilder.buildConnection(DefaultConnectionBuilder.java:39)
	at org.logicalcobwebs.proxool.Prototyper.buildConnection(Prototyper.java:159)
	at org.logicalcobwebs.proxool.ConnectionPool.getConnection(ConnectionPool.java:211)
	at org.logicalcobwebs.proxool.ProxoolDriver.connect(ProxoolDriver.java:89)
	at java.sql.DriverManager.getConnection(DriverManager.java:582)
	at java.sql.DriverManager.getConnection(DriverManager.java:154)
	at org.jivesoftware.database.DefaultConnectionProvider.getConnection(DefaultConnectionProvider.java:86)
	at org.jivesoftware.database.DbConnectionManager.getConnection(DbConnectionManager.java:124)
	at org.jivesoftware.openfire.admin.setup.setup_002ddatasource_002dstandard_jsp.testConnection(setup_002ddatasource_002dstandard_jsp.java:35)
	at org.jivesoftware.openfire.admin.setup.setup_002ddatasource_002dstandard_jsp._jspService(setup_002ddatasource_002dstandard_jsp.java:207)
	at org.apache.jasper.runtime.HttpJspBase.service(HttpJspBase.java:97)
	at javax.servlet.http.HttpServlet.service(HttpServlet.java:820)
	at org.eclipse.jetty.servlet.ServletHolder.handle(ServletHolder.java:530)
	at org.eclipse.jetty.servlet.ServletHandler$CachedChain.doFilter(ServletHandler.java:1216)
	at com.opensymphony.module.sitemesh.filter.PageFilter.parsePage(PageFilter.java:118)
	at com.opensymphony.module.sitemesh.filter.PageFilter.doFilter(PageFilter.java:52)
	at org.eclipse.jetty.servlet.ServletHandler$CachedChain.doFilter(ServletHandler.java:1187)
	at org.jivesoftware.util.LocaleFilter.doFilter(LocaleFilter.java:74)
	at org.eclipse.jetty.servlet.ServletHandler$CachedChain.doFilter(ServletHandler.java:1187)
	at org.jivesoftware.util.SetCharacterEncodingFilter.doFilter(SetCharacterEncodingFilter.java:50)
	at org.eclipse.jetty.servlet.ServletHandler$CachedChain.doFilter(ServletHandler.java:1187)
	at org.jivesoftware.admin.PluginFilter.doFilter(PluginFilter.java:78)
	at org.eclipse.jetty.servlet.ServletHandler$CachedChain.doFilter(ServletHandler.java:1187)
	at org.jivesoftware.admin.AuthCheckFilter.doFilter(AuthCheckFilter.java:164)
	at org.eclipse.jetty.servlet.ServletHandler$CachedChain.doFilter(ServletHandler.java:1187)
	at org.eclipse.jetty.servlet.ServletHandler.doHandle(ServletHandler.java:425)
	at org.eclipse.jetty.server.handler.ScopedHandler.handle(ScopedHandler.java:119)
	at org.eclipse.jetty.security.SecurityHandler.handle(SecurityHandler.java:494)
	at org.eclipse.jetty.server.session.SessionHandler.handle(SessionHandler.java:182)
	at org.eclipse.jetty.server.handler.ContextHandler.doHandle(ContextHandler.java:933)
	at org.eclipse.jetty.servlet.ServletHandler.doScope(ServletHandler.java:362)
	at org.eclipse.jetty.server.handler.ContextHandler.doScope(ContextHandler.java:867)
	at org.eclipse.jetty.server.handler.ScopedHandler.handle(ScopedHandler.java:117)
	at org.eclipse.jetty.server.handler.ContextHandlerCollection.handle(ContextHandlerCollection.java:245)
	at org.eclipse.jetty.server.handler.HandlerCollection.handle(HandlerCollection.java:126)
	at org.eclipse.jetty.server.handler.HandlerWrapper.handle(HandlerWrapper.java:113)
	at org.eclipse.jetty.server.Server.handle(Server.java:334)
	at org.eclipse.jetty.server.HttpConnection.handleRequest(HttpConnection.java:559)
	at org.eclipse.jetty.server.HttpConnection$RequestHandler.content(HttpConnection.java:1007)
	at org.eclipse.jetty.http.HttpParser.parseNext(HttpParser.java:747)
	at org.eclipse.jetty.http.HttpParser.parseAvailable(HttpParser.java:209)
	at org.eclipse.jetty.server.HttpConnection.handle(HttpConnection.java:406)
	at org.eclipse.jetty.io.nio.SelectChannelEndPoint.run(SelectChannelEndPoint.java:462)
	at org.eclipse.jetty.util.thread.QueuedThreadPool$2.run(QueuedThreadPool.java:436)
	at java.lang.Thread.run(Thread.java:662)
2012.09.17 07:27:56 org.jivesoftware.database.DbConnectionManager - Unable to get a connection from the database pool (attempt 6 out of 10).
org.postgresql.util.PSQLException: FATAL: database "rides.openfire" does not exist
	at org.postgresql.core.v3.ConnectionFactoryImpl.readStartupMessages(ConnectionFactoryImpl.java:444)
	at org.postgresql.core.v3.ConnectionFactoryImpl.openConnectionImpl(ConnectionFactoryImpl.java:99)
	at org.postgresql.core.ConnectionFactory.openConnection(ConnectionFactory.java:66)
	at org.postgresql.jdbc2.AbstractJdbc2Connection.<init>(AbstractJdbc2Connection.java:124)
	at org.postgresql.jdbc3.AbstractJdbc3Connection.<init>(AbstractJdbc3Connection.java:30)
	at org.postgresql.jdbc3.Jdbc3Connection.<init>(Jdbc3Connection.java:24)
	at org.postgresql.Driver.makeConnection(Driver.java:386)
	at org.postgresql.Driver.connect(Driver.java:260)
	at java.sql.DriverManager.getConnection(DriverManager.java:582)
	at java.sql.DriverManager.getConnection(DriverManager.java:154)
	at org.logicalcobwebs.proxool.DefaultConnectionBuilder.buildConnection(DefaultConnectionBuilder.java:39)
	at org.logicalcobwebs.proxool.Prototyper.buildConnection(Prototyper.java:159)
	at org.logicalcobwebs.proxool.ConnectionPool.getConnection(ConnectionPool.java:211)
	at org.logicalcobwebs.proxool.ProxoolDriver.connect(ProxoolDriver.java:89)
	at java.sql.DriverManager.getConnection(DriverManager.java:582)
	at java.sql.DriverManager.getConnection(DriverManager.java:154)
	at org.jivesoftware.database.DefaultConnectionProvider.getConnection(DefaultConnectionProvider.java:86)
	at org.jivesoftware.database.DbConnectionManager.getConnection(DbConnectionManager.java:124)
	at org.jivesoftware.openfire.admin.setup.setup_002ddatasource_002dstandard_jsp.testConnection(setup_002ddatasource_002dstandard_jsp.java:35)
	at org.jivesoftware.openfire.admin.setup.setup_002ddatasource_002dstandard_jsp._jspService(setup_002ddatasource_002dstandard_jsp.java:207)
	at org.apache.jasper.runtime.HttpJspBase.service(HttpJspBase.java:97)
	at javax.servlet.http.HttpServlet.service(HttpServlet.java:820)
	at org.eclipse.jetty.servlet.ServletHolder.handle(ServletHolder.java:530)
	at org.eclipse.jetty.servlet.ServletHandler$CachedChain.doFilter(ServletHandler.java:1216)
	at com.opensymphony.module.sitemesh.filter.PageFilter.parsePage(PageFilter.java:118)
	at com.opensymphony.module.sitemesh.filter.PageFilter.doFilter(PageFilter.java:52)
	at org.eclipse.jetty.servlet.ServletHandler$CachedChain.doFilter(ServletHandler.java:1187)
	at org.jivesoftware.util.LocaleFilter.doFilter(LocaleFilter.java:74)
	at org.eclipse.jetty.servlet.ServletHandler$CachedChain.doFilter(ServletHandler.java:1187)
	at org.jivesoftware.util.SetCharacterEncodingFilter.doFilter(SetCharacterEncodingFilter.java:50)
	at org.eclipse.jetty.servlet.ServletHandler$CachedChain.doFilter(ServletHandler.java:1187)
	at org.jivesoftware.admin.PluginFilter.doFilter(PluginFilter.java:78)
	at org.eclipse.jetty.servlet.ServletHandler$CachedChain.doFilter(ServletHandler.java:1187)
	at org.jivesoftware.admin.AuthCheckFilter.doFilter(AuthCheckFilter.java:164)
	at org.eclipse.jetty.servlet.ServletHandler$CachedChain.doFilter(ServletHandler.java:1187)
	at org.eclipse.jetty.servlet.ServletHandler.doHandle(ServletHandler.java:425)
	at org.eclipse.jetty.server.handler.ScopedHandler.handle(ScopedHandler.java:119)
	at org.eclipse.jetty.security.SecurityHandler.handle(SecurityHandler.java:494)
	at org.eclipse.jetty.server.session.SessionHandler.handle(SessionHandler.java:182)
	at org.eclipse.jetty.server.handler.ContextHandler.doHandle(ContextHandler.java:933)
	at org.eclipse.jetty.servlet.ServletHandler.doScope(ServletHandler.java:362)
	at org.eclipse.jetty.server.handler.ContextHandler.doScope(ContextHandler.java:867)
	at org.eclipse.jetty.server.handler.ScopedHandler.handle(ScopedHandler.java:117)
	at org.eclipse.jetty.server.handler.ContextHandlerCollection.handle(ContextHandlerCollection.java:245)
	at org.eclipse.jetty.server.handler.HandlerCollection.handle(HandlerCollection.java:126)
	at org.eclipse.jetty.server.handler.HandlerWrapper.handle(HandlerWrapper.java:113)
	at org.eclipse.jetty.server.Server.handle(Server.java:334)
	at org.eclipse.jetty.server.HttpConnection.handleRequest(HttpConnection.java:559)
	at org.eclipse.jetty.server.HttpConnection$RequestHandler.content(HttpConnection.java:1007)
	at org.eclipse.jetty.http.HttpParser.parseNext(HttpParser.java:747)
	at org.eclipse.jetty.http.HttpParser.parseAvailable(HttpParser.java:209)
	at org.eclipse.jetty.server.HttpConnection.handle(HttpConnection.java:406)
	at org.eclipse.jetty.io.nio.SelectChannelEndPoint.run(SelectChannelEndPoint.java:462)
	at org.eclipse.jetty.util.thread.QueuedThreadPool$2.run(QueuedThreadPool.java:436)
	at java.lang.Thread.run(Thread.java:662)
2012.09.17 07:27:56 org.jivesoftware.database.DbConnectionManager - Unable to get a connection from the database pool (attempt 7 out of 10).
org.postgresql.util.PSQLException: FATAL: database "rides.openfire" does not exist
	at org.postgresql.core.v3.ConnectionFactoryImpl.readStartupMessages(ConnectionFactoryImpl.java:444)
	at org.postgresql.core.v3.ConnectionFactoryImpl.openConnectionImpl(ConnectionFactoryImpl.java:99)
	at org.postgresql.core.ConnectionFactory.openConnection(ConnectionFactory.java:66)
	at org.postgresql.jdbc2.AbstractJdbc2Connection.<init>(AbstractJdbc2Connection.java:124)
	at org.postgresql.jdbc3.AbstractJdbc3Connection.<init>(AbstractJdbc3Connection.java:30)
	at org.postgresql.jdbc3.Jdbc3Connection.<init>(Jdbc3Connection.java:24)
	at org.postgresql.Driver.makeConnection(Driver.java:386)
	at org.postgresql.Driver.connect(Driver.java:260)
	at java.sql.DriverManager.getConnection(DriverManager.java:582)
	at java.sql.DriverManager.getConnection(DriverManager.java:154)
	at org.logicalcobwebs.proxool.DefaultConnectionBuilder.buildConnection(DefaultConnectionBuilder.java:39)
	at org.logicalcobwebs.proxool.Prototyper.buildConnection(Prototyper.java:159)
	at org.logicalcobwebs.proxool.ConnectionPool.getConnection(ConnectionPool.java:211)
	at org.logicalcobwebs.proxool.ProxoolDriver.connect(ProxoolDriver.java:89)
	at java.sql.DriverManager.getConnection(DriverManager.java:582)
	at java.sql.DriverManager.getConnection(DriverManager.java:154)
	at org.jivesoftware.database.DefaultConnectionProvider.getConnection(DefaultConnectionProvider.java:86)
	at org.jivesoftware.database.DbConnectionManager.getConnection(DbConnectionManager.java:124)
	at org.jivesoftware.openfire.admin.setup.setup_002ddatasource_002dstandard_jsp.testConnection(setup_002ddatasource_002dstandard_jsp.java:35)
	at org.jivesoftware.openfire.admin.setup.setup_002ddatasource_002dstandard_jsp._jspService(setup_002ddatasource_002dstandard_jsp.java:207)
	at org.apache.jasper.runtime.HttpJspBase.service(HttpJspBase.java:97)
	at javax.servlet.http.HttpServlet.service(HttpServlet.java:820)
	at org.eclipse.jetty.servlet.ServletHolder.handle(ServletHolder.java:530)
	at org.eclipse.jetty.servlet.ServletHandler$CachedChain.doFilter(ServletHandler.java:1216)
	at com.opensymphony.module.sitemesh.filter.PageFilter.parsePage(PageFilter.java:118)
	at com.opensymphony.module.sitemesh.filter.PageFilter.doFilter(PageFilter.java:52)
	at org.eclipse.jetty.servlet.ServletHandler$CachedChain.doFilter(ServletHandler.java:1187)
	at org.jivesoftware.util.LocaleFilter.doFilter(LocaleFilter.java:74)
	at org.eclipse.jetty.servlet.ServletHandler$CachedChain.doFilter(ServletHandler.java:1187)
	at org.jivesoftware.util.SetCharacterEncodingFilter.doFilter(SetCharacterEncodingFilter.java:50)
	at org.eclipse.jetty.servlet.ServletHandler$CachedChain.doFilter(ServletHandler.java:1187)
	at org.jivesoftware.admin.PluginFilter.doFilter(PluginFilter.java:78)
	at org.eclipse.jetty.servlet.ServletHandler$CachedChain.doFilter(ServletHandler.java:1187)
	at org.jivesoftware.admin.AuthCheckFilter.doFilter(AuthCheckFilter.java:164)
	at org.eclipse.jetty.servlet.ServletHandler$CachedChain.doFilter(ServletHandler.java:1187)
	at org.eclipse.jetty.servlet.ServletHandler.doHandle(ServletHandler.java:425)
	at org.eclipse.jetty.server.handler.ScopedHandler.handle(ScopedHandler.java:119)
	at org.eclipse.jetty.security.SecurityHandler.handle(SecurityHandler.java:494)
	at org.eclipse.jetty.server.session.SessionHandler.handle(SessionHandler.java:182)
	at org.eclipse.jetty.server.handler.ContextHandler.doHandle(ContextHandler.java:933)
	at org.eclipse.jetty.servlet.ServletHandler.doScope(ServletHandler.java:362)
	at org.eclipse.jetty.server.handler.ContextHandler.doScope(ContextHandler.java:867)
	at org.eclipse.jetty.server.handler.ScopedHandler.handle(ScopedHandler.java:117)
	at org.eclipse.jetty.server.handler.ContextHandlerCollection.handle(ContextHandlerCollection.java:245)
	at org.eclipse.jetty.server.handler.HandlerCollection.handle(HandlerCollection.java:126)
	at org.eclipse.jetty.server.handler.HandlerWrapper.handle(HandlerWrapper.java:113)
	at org.eclipse.jetty.server.Server.handle(Server.java:334)
	at org.eclipse.jetty.server.HttpConnection.handleRequest(HttpConnection.java:559)
	at org.eclipse.jetty.server.HttpConnection$RequestHandler.content(HttpConnection.java:1007)
	at org.eclipse.jetty.http.HttpParser.parseNext(HttpParser.java:747)
	at org.eclipse.jetty.http.HttpParser.parseAvailable(HttpParser.java:209)
	at org.eclipse.jetty.server.HttpConnection.handle(HttpConnection.java:406)
	at org.eclipse.jetty.io.nio.SelectChannelEndPoint.run(SelectChannelEndPoint.java:462)
	at org.eclipse.jetty.util.thread.QueuedThreadPool$2.run(QueuedThreadPool.java:436)
	at java.lang.Thread.run(Thread.java:662)
2012.09.17 07:27:56 org.jivesoftware.database.DbConnectionManager - Unable to get a connection from the database pool (attempt 8 out of 10).
org.postgresql.util.PSQLException: FATAL: database "rides.openfire" does not exist
	at org.postgresql.core.v3.ConnectionFactoryImpl.readStartupMessages(ConnectionFactoryImpl.java:444)
	at org.postgresql.core.v3.ConnectionFactoryImpl.openConnectionImpl(ConnectionFactoryImpl.java:99)
	at org.postgresql.core.ConnectionFactory.openConnection(ConnectionFactory.java:66)
	at org.postgresql.jdbc2.AbstractJdbc2Connection.<init>(AbstractJdbc2Connection.java:124)
	at org.postgresql.jdbc3.AbstractJdbc3Connection.<init>(AbstractJdbc3Connection.java:30)
	at org.postgresql.jdbc3.Jdbc3Connection.<init>(Jdbc3Connection.java:24)
	at org.postgresql.Driver.makeConnection(Driver.java:386)
	at org.postgresql.Driver.connect(Driver.java:260)
	at java.sql.DriverManager.getConnection(DriverManager.java:582)
	at java.sql.DriverManager.getConnection(DriverManager.java:154)
	at org.logicalcobwebs.proxool.DefaultConnectionBuilder.buildConnection(DefaultConnectionBuilder.java:39)
	at org.logicalcobwebs.proxool.Prototyper.buildConnection(Prototyper.java:159)
	at org.logicalcobwebs.proxool.ConnectionPool.getConnection(ConnectionPool.java:211)
	at org.logicalcobwebs.proxool.ProxoolDriver.connect(ProxoolDriver.java:89)
	at java.sql.DriverManager.getConnection(DriverManager.java:582)
	at java.sql.DriverManager.getConnection(DriverManager.java:154)
	at org.jivesoftware.database.DefaultConnectionProvider.getConnection(DefaultConnectionProvider.java:86)
	at org.jivesoftware.database.DbConnectionManager.getConnection(DbConnectionManager.java:124)
	at org.jivesoftware.openfire.admin.setup.setup_002ddatasource_002dstandard_jsp.testConnection(setup_002ddatasource_002dstandard_jsp.java:35)
	at org.jivesoftware.openfire.admin.setup.setup_002ddatasource_002dstandard_jsp._jspService(setup_002ddatasource_002dstandard_jsp.java:207)
	at org.apache.jasper.runtime.HttpJspBase.service(HttpJspBase.java:97)
	at javax.servlet.http.HttpServlet.service(HttpServlet.java:820)
	at org.eclipse.jetty.servlet.ServletHolder.handle(ServletHolder.java:530)
	at org.eclipse.jetty.servlet.ServletHandler$CachedChain.doFilter(ServletHandler.java:1216)
	at com.opensymphony.module.sitemesh.filter.PageFilter.parsePage(PageFilter.java:118)
	at com.opensymphony.module.sitemesh.filter.PageFilter.doFilter(PageFilter.java:52)
	at org.eclipse.jetty.servlet.ServletHandler$CachedChain.doFilter(ServletHandler.java:1187)
	at org.jivesoftware.util.LocaleFilter.doFilter(LocaleFilter.java:74)
	at org.eclipse.jetty.servlet.ServletHandler$CachedChain.doFilter(ServletHandler.java:1187)
	at org.jivesoftware.util.SetCharacterEncodingFilter.doFilter(SetCharacterEncodingFilter.java:50)
	at org.eclipse.jetty.servlet.ServletHandler$CachedChain.doFilter(ServletHandler.java:1187)
	at org.jivesoftware.admin.PluginFilter.doFilter(PluginFilter.java:78)
	at org.eclipse.jetty.servlet.ServletHandler$CachedChain.doFilter(ServletHandler.java:1187)
	at org.jivesoftware.admin.AuthCheckFilter.doFilter(AuthCheckFilter.java:164)
	at org.eclipse.jetty.servlet.ServletHandler$CachedChain.doFilter(ServletHandler.java:1187)
	at org.eclipse.jetty.servlet.ServletHandler.doHandle(ServletHandler.java:425)
	at org.eclipse.jetty.server.handler.ScopedHandler.handle(ScopedHandler.java:119)
	at org.eclipse.jetty.security.SecurityHandler.handle(SecurityHandler.java:494)
	at org.eclipse.jetty.server.session.SessionHandler.handle(SessionHandler.java:182)
	at org.eclipse.jetty.server.handler.ContextHandler.doHandle(ContextHandler.java:933)
	at org.eclipse.jetty.servlet.ServletHandler.doScope(ServletHandler.java:362)
	at org.eclipse.jetty.server.handler.ContextHandler.doScope(ContextHandler.java:867)
	at org.eclipse.jetty.server.handler.ScopedHandler.handle(ScopedHandler.java:117)
	at org.eclipse.jetty.server.handler.ContextHandlerCollection.handle(ContextHandlerCollection.java:245)
	at org.eclipse.jetty.server.handler.HandlerCollection.handle(HandlerCollection.java:126)
	at org.eclipse.jetty.server.handler.HandlerWrapper.handle(HandlerWrapper.java:113)
	at org.eclipse.jetty.server.Server.handle(Server.java:334)
	at org.eclipse.jetty.server.HttpConnection.handleRequest(HttpConnection.java:559)
	at org.eclipse.jetty.server.HttpConnection$RequestHandler.content(HttpConnection.java:1007)
	at org.eclipse.jetty.http.HttpParser.parseNext(HttpParser.java:747)
	at org.eclipse.jetty.http.HttpParser.parseAvailable(HttpParser.java:209)
	at org.eclipse.jetty.server.HttpConnection.handle(HttpConnection.java:406)
	at org.eclipse.jetty.io.nio.SelectChannelEndPoint.run(SelectChannelEndPoint.java:462)
	at org.eclipse.jetty.util.thread.QueuedThreadPool$2.run(QueuedThreadPool.java:436)
	at java.lang.Thread.run(Thread.java:662)
2012.09.17 07:27:57 org.jivesoftware.database.DbConnectionManager - Unable to get a connection from the database pool (attempt 9 out of 10).
org.postgresql.util.PSQLException: FATAL: database "rides.openfire" does not exist
	at org.postgresql.core.v3.ConnectionFactoryImpl.readStartupMessages(ConnectionFactoryImpl.java:444)
	at org.postgresql.core.v3.ConnectionFactoryImpl.openConnectionImpl(ConnectionFactoryImpl.java:99)
	at org.postgresql.core.ConnectionFactory.openConnection(ConnectionFactory.java:66)
	at org.postgresql.jdbc2.AbstractJdbc2Connection.<init>(AbstractJdbc2Connection.java:124)
	at org.postgresql.jdbc3.AbstractJdbc3Connection.<init>(AbstractJdbc3Connection.java:30)
	at org.postgresql.jdbc3.Jdbc3Connection.<init>(Jdbc3Connection.java:24)
	at org.postgresql.Driver.makeConnection(Driver.java:386)
	at org.postgresql.Driver.connect(Driver.java:260)
	at java.sql.DriverManager.getConnection(DriverManager.java:582)
	at java.sql.DriverManager.getConnection(DriverManager.java:154)
	at org.logicalcobwebs.proxool.DefaultConnectionBuilder.buildConnection(DefaultConnectionBuilder.java:39)
	at org.logicalcobwebs.proxool.Prototyper.buildConnection(Prototyper.java:159)
	at org.logicalcobwebs.proxool.ConnectionPool.getConnection(ConnectionPool.java:211)
	at org.logicalcobwebs.proxool.ProxoolDriver.connect(ProxoolDriver.java:89)
	at java.sql.DriverManager.getConnection(DriverManager.java:582)
	at java.sql.DriverManager.getConnection(DriverManager.java:154)
	at org.jivesoftware.database.DefaultConnectionProvider.getConnection(DefaultConnectionProvider.java:86)
	at org.jivesoftware.database.DbConnectionManager.getConnection(DbConnectionManager.java:124)
	at org.jivesoftware.openfire.admin.setup.setup_002ddatasource_002dstandard_jsp.testConnection(setup_002ddatasource_002dstandard_jsp.java:35)
	at org.jivesoftware.openfire.admin.setup.setup_002ddatasource_002dstandard_jsp._jspService(setup_002ddatasource_002dstandard_jsp.java:207)
	at org.apache.jasper.runtime.HttpJspBase.service(HttpJspBase.java:97)
	at javax.servlet.http.HttpServlet.service(HttpServlet.java:820)
	at org.eclipse.jetty.servlet.ServletHolder.handle(ServletHolder.java:530)
	at org.eclipse.jetty.servlet.ServletHandler$CachedChain.doFilter(ServletHandler.java:1216)
	at com.opensymphony.module.sitemesh.filter.PageFilter.parsePage(PageFilter.java:118)
	at com.opensymphony.module.sitemesh.filter.PageFilter.doFilter(PageFilter.java:52)
	at org.eclipse.jetty.servlet.ServletHandler$CachedChain.doFilter(ServletHandler.java:1187)
	at org.jivesoftware.util.LocaleFilter.doFilter(LocaleFilter.java:74)
	at org.eclipse.jetty.servlet.ServletHandler$CachedChain.doFilter(ServletHandler.java:1187)
	at org.jivesoftware.util.SetCharacterEncodingFilter.doFilter(SetCharacterEncodingFilter.java:50)
	at org.eclipse.jetty.servlet.ServletHandler$CachedChain.doFilter(ServletHandler.java:1187)
	at org.jivesoftware.admin.PluginFilter.doFilter(PluginFilter.java:78)
	at org.eclipse.jetty.servlet.ServletHandler$CachedChain.doFilter(ServletHandler.java:1187)
	at org.jivesoftware.admin.AuthCheckFilter.doFilter(AuthCheckFilter.java:164)
	at org.eclipse.jetty.servlet.ServletHandler$CachedChain.doFilter(ServletHandler.java:1187)
	at org.eclipse.jetty.servlet.ServletHandler.doHandle(ServletHandler.java:425)
	at org.eclipse.jetty.server.handler.ScopedHandler.handle(ScopedHandler.java:119)
	at org.eclipse.jetty.security.SecurityHandler.handle(SecurityHandler.java:494)
	at org.eclipse.jetty.server.session.SessionHandler.handle(SessionHandler.java:182)
	at org.eclipse.jetty.server.handler.ContextHandler.doHandle(ContextHandler.java:933)
	at org.eclipse.jetty.servlet.ServletHandler.doScope(ServletHandler.java:362)
	at org.eclipse.jetty.server.handler.ContextHandler.doScope(ContextHandler.java:867)
	at org.eclipse.jetty.server.handler.ScopedHandler.handle(ScopedHandler.java:117)
	at org.eclipse.jetty.server.handler.ContextHandlerCollection.handle(ContextHandlerCollection.java:245)
	at org.eclipse.jetty.server.handler.HandlerCollection.handle(HandlerCollection.java:126)
	at org.eclipse.jetty.server.handler.HandlerWrapper.handle(HandlerWrapper.java:113)
	at org.eclipse.jetty.server.Server.handle(Server.java:334)
	at org.eclipse.jetty.server.HttpConnection.handleRequest(HttpConnection.java:559)
	at org.eclipse.jetty.server.HttpConnection$RequestHandler.content(HttpConnection.java:1007)
	at org.eclipse.jetty.http.HttpParser.parseNext(HttpParser.java:747)
	at org.eclipse.jetty.http.HttpParser.parseAvailable(HttpParser.java:209)
	at org.eclipse.jetty.server.HttpConnection.handle(HttpConnection.java:406)
	at org.eclipse.jetty.io.nio.SelectChannelEndPoint.run(SelectChannelEndPoint.java:462)
	at org.eclipse.jetty.util.thread.QueuedThreadPool$2.run(QueuedThreadPool.java:436)
	at java.lang.Thread.run(Thread.java:662)
2012.09.17 07:27:57 org.jivesoftware.database.DbConnectionManager - Unable to get a connection from the database pool (attempt 10 out of 10).
org.postgresql.util.PSQLException: FATAL: database "rides.openfire" does not exist
	at org.postgresql.core.v3.ConnectionFactoryImpl.readStartupMessages(ConnectionFactoryImpl.java:444)
	at org.postgresql.core.v3.ConnectionFactoryImpl.openConnectionImpl(ConnectionFactoryImpl.java:99)
	at org.postgresql.core.ConnectionFactory.openConnection(ConnectionFactory.java:66)
	at org.postgresql.jdbc2.AbstractJdbc2Connection.<init>(AbstractJdbc2Connection.java:124)
	at org.postgresql.jdbc3.AbstractJdbc3Connection.<init>(AbstractJdbc3Connection.java:30)
	at org.postgresql.jdbc3.Jdbc3Connection.<init>(Jdbc3Connection.java:24)
	at org.postgresql.Driver.makeConnection(Driver.java:386)
	at org.postgresql.Driver.connect(Driver.java:260)
	at java.sql.DriverManager.getConnection(DriverManager.java:582)
	at java.sql.DriverManager.getConnection(DriverManager.java:154)
	at org.logicalcobwebs.proxool.DefaultConnectionBuilder.buildConnection(DefaultConnectionBuilder.java:39)
	at org.logicalcobwebs.proxool.Prototyper.buildConnection(Prototyper.java:159)
	at org.logicalcobwebs.proxool.ConnectionPool.getConnection(ConnectionPool.java:211)
	at org.logicalcobwebs.proxool.ProxoolDriver.connect(ProxoolDriver.java:89)
	at java.sql.DriverManager.getConnection(DriverManager.java:582)
	at java.sql.DriverManager.getConnection(DriverManager.java:154)
	at org.jivesoftware.database.DefaultConnectionProvider.getConnection(DefaultConnectionProvider.java:86)
	at org.jivesoftware.database.DbConnectionManager.getConnection(DbConnectionManager.java:124)
	at org.jivesoftware.openfire.admin.setup.setup_002ddatasource_002dstandard_jsp.testConnection(setup_002ddatasource_002dstandard_jsp.java:35)
	at org.jivesoftware.openfire.admin.setup.setup_002ddatasource_002dstandard_jsp._jspService(setup_002ddatasource_002dstandard_jsp.java:207)
	at org.apache.jasper.runtime.HttpJspBase.service(HttpJspBase.java:97)
	at javax.servlet.http.HttpServlet.service(HttpServlet.java:820)
	at org.eclipse.jetty.servlet.ServletHolder.handle(ServletHolder.java:530)
	at org.eclipse.jetty.servlet.ServletHandler$CachedChain.doFilter(ServletHandler.java:1216)
	at com.opensymphony.module.sitemesh.filter.PageFilter.parsePage(PageFilter.java:118)
	at com.opensymphony.module.sitemesh.filter.PageFilter.doFilter(PageFilter.java:52)
	at org.eclipse.jetty.servlet.ServletHandler$CachedChain.doFilter(ServletHandler.java:1187)
	at org.jivesoftware.util.LocaleFilter.doFilter(LocaleFilter.java:74)
	at org.eclipse.jetty.servlet.ServletHandler$CachedChain.doFilter(ServletHandler.java:1187)
	at org.jivesoftware.util.SetCharacterEncodingFilter.doFilter(SetCharacterEncodingFilter.java:50)
	at org.eclipse.jetty.servlet.ServletHandler$CachedChain.doFilter(ServletHandler.java:1187)
	at org.jivesoftware.admin.PluginFilter.doFilter(PluginFilter.java:78)
	at org.eclipse.jetty.servlet.ServletHandler$CachedChain.doFilter(ServletHandler.java:1187)
	at org.jivesoftware.admin.AuthCheckFilter.doFilter(AuthCheckFilter.java:164)
	at org.eclipse.jetty.servlet.ServletHandler$CachedChain.doFilter(ServletHandler.java:1187)
	at org.eclipse.jetty.servlet.ServletHandler.doHandle(ServletHandler.java:425)
	at org.eclipse.jetty.server.handler.ScopedHandler.handle(ScopedHandler.java:119)
	at org.eclipse.jetty.security.SecurityHandler.handle(SecurityHandler.java:494)
	at org.eclipse.jetty.server.session.SessionHandler.handle(SessionHandler.java:182)
	at org.eclipse.jetty.server.handler.ContextHandler.doHandle(ContextHandler.java:933)
	at org.eclipse.jetty.servlet.ServletHandler.doScope(ServletHandler.java:362)
	at org.eclipse.jetty.server.handler.ContextHandler.doScope(ContextHandler.java:867)
	at org.eclipse.jetty.server.handler.ScopedHandler.handle(ScopedHandler.java:117)
	at org.eclipse.jetty.server.handler.ContextHandlerCollection.handle(ContextHandlerCollection.java:245)
	at org.eclipse.jetty.server.handler.HandlerCollection.handle(HandlerCollection.java:126)
	at org.eclipse.jetty.server.handler.HandlerWrapper.handle(HandlerWrapper.java:113)
	at org.eclipse.jetty.server.Server.handle(Server.java:334)
	at org.eclipse.jetty.server.HttpConnection.handleRequest(HttpConnection.java:559)
	at org.eclipse.jetty.server.HttpConnection$RequestHandler.content(HttpConnection.java:1007)
	at org.eclipse.jetty.http.HttpParser.parseNext(HttpParser.java:747)
	at org.eclipse.jetty.http.HttpParser.parseAvailable(HttpParser.java:209)
	at org.eclipse.jetty.server.HttpConnection.handle(HttpConnection.java:406)
	at org.eclipse.jetty.io.nio.SelectChannelEndPoint.run(SelectChannelEndPoint.java:462)
	at org.eclipse.jetty.util.thread.QueuedThreadPool$2.run(QueuedThreadPool.java:436)
	at java.lang.Thread.run(Thread.java:662)
2012.09.17 07:32:20 org.jivesoftware.openfire.pubsub.PubSubModule - Publish-Subscribe domain: pubsub.rides.openfire
2012.09.17 07:32:20 org.jivesoftware.openfire.muc.spi.MultiUserChatServiceImpl - Multi User Chat domain: conference.rides.openfire
2012.09.17 07:32:20 org.jivesoftware.openfire.plugin.messageHistory.MessageHistoryPlugin - Starting Message History Handler
2012.09.17 07:32:20 org.jivesoftware.openfire.plugin.messageHistory.MessageHistoryPlugin - The server address is @ = rides.openfire
2012.09.17 07:32:20 org.jivesoftware.openfire.spi.ConnectionManagerImpl - Started server (unencrypted) socket on port: 5269
2012.09.17 07:32:20 org.jivesoftware.openfire.spi.ConnectionManagerImpl - Started plain (unencrypted) socket on port: 5222
2012.09.17 07:32:20 org.jivesoftware.openfire.spi.ConnectionManagerImpl - Started SSL (encrypted) socket on port: 5223
2012.09.17 20:04:16 org.jivesoftware.openfire.plugin.messageHistory.interceptor.MessageInterceptor - XML = <iq type="set" id="_bind_auth_2" from="rides.openfire/ccc64630"><bind xmlns="urn:ietf:params:xml:ns:xmpp-bind"/></iq>
2012.09.17 20:04:16 org.jivesoftware.openfire.plugin.messageHistory.interceptor.MessageInterceptor - ------------------PACKET-HIT-------------------
2012.09.17 20:04:16 org.jivesoftware.openfire.plugin.messageHistory.interceptor.MessageInterceptor - XML = <iq type="result" id="_bind_auth_2" to="rides.openfire/ccc64630"><bind xmlns="urn:ietf:params:xml:ns:xmpp-bind"><jid>mdefouw(at)rides.ca@rides.openfire/ccc64630</jid></bind></iq>
2012.09.17 20:04:16 org.jivesoftware.openfire.plugin.messageHistory.interceptor.MessageInterceptor - ------------------PACKET-HIT-------------------
2012.09.17 20:04:16 org.jivesoftware.openfire.plugin.messageHistory.interceptor.MessageInterceptor - XML = <iq type="result" id="_bind_auth_2" to="rides.openfire/ccc64630"><bind xmlns="urn:ietf:params:xml:ns:xmpp-bind"><jid>mdefouw(at)rides.ca@rides.openfire/ccc64630</jid></bind></iq>
2012.09.17 20:04:16 org.jivesoftware.openfire.plugin.messageHistory.interceptor.MessageInterceptor - ------------------PACKET-HIT-------------------
2012.09.17 20:04:16 org.jivesoftware.openfire.plugin.messageHistory.interceptor.MessageInterceptor - XML = <iq type="set" id="_bind_auth_2" from="rides.openfire/ccc64630"><bind xmlns="urn:ietf:params:xml:ns:xmpp-bind"/></iq>
2012.09.17 20:04:16 org.jivesoftware.openfire.plugin.messageHistory.interceptor.MessageInterceptor - ------------------PACKET-HIT-------------------
2012.09.17 20:04:17 org.jivesoftware.openfire.plugin.messageHistory.interceptor.MessageInterceptor - XML = <iq type="set" id="_session_auth_2" from="mdefouw(at)rides.ca@rides.openfire/ccc64630"><session xmlns="urn:ietf:params:xml:ns:xmpp-session"/></iq>
2012.09.17 20:04:17 org.jivesoftware.openfire.plugin.messageHistory.interceptor.MessageInterceptor - ------------------PACKET-HIT-------------------
2012.09.17 20:04:17 org.jivesoftware.openfire.plugin.messageHistory.interceptor.MessageInterceptor - XML = <iq type="result" id="_session_auth_2" to="mdefouw(at)rides.ca@rides.openfire/ccc64630"/>
2012.09.17 20:04:17 org.jivesoftware.openfire.plugin.messageHistory.interceptor.MessageInterceptor - ------------------PACKET-HIT-------------------
2012.09.17 20:04:17 org.jivesoftware.openfire.plugin.messageHistory.interceptor.MessageInterceptor - XML = <iq type="result" id="_session_auth_2" to="mdefouw(at)rides.ca@rides.openfire/ccc64630"/>
2012.09.17 20:04:17 org.jivesoftware.openfire.plugin.messageHistory.interceptor.MessageInterceptor - ------------------PACKET-HIT-------------------
2012.09.17 20:04:17 org.jivesoftware.openfire.plugin.messageHistory.interceptor.MessageInterceptor - XML = <iq type="set" id="_session_auth_2" from="mdefouw(at)rides.ca@rides.openfire/ccc64630"><session xmlns="urn:ietf:params:xml:ns:xmpp-session"/></iq>
2012.09.17 20:04:17 org.jivesoftware.openfire.plugin.messageHistory.interceptor.MessageInterceptor - ------------------PACKET-HIT-------------------
2012.09.17 20:04:18 org.jivesoftware.openfire.plugin.messageHistory.interceptor.MessageInterceptor - XML = <presence from="mdefouw(at)rides.ca@rides.openfire/ccc64630"/>
2012.09.17 20:04:18 org.jivesoftware.openfire.plugin.messageHistory.interceptor.MessageInterceptor - ------------------PACKET-HIT-------------------
2012.09.17 20:04:18 org.jivesoftware.openfire.plugin.messageHistory.interceptor.MessageInterceptor - XML = <presence from="mdefouw(at)rides.ca@rides.openfire/ccc64630"/>
2012.09.17 20:04:18 org.jivesoftware.openfire.plugin.messageHistory.interceptor.MessageInterceptor - ------------------PACKET-HIT-------------------
2012.09.17 20:04:23 org.jivesoftware.openfire.plugin.messageHistory.interceptor.MessageInterceptor - XML = <presence from="mdefouw(at)rides.ca@rides.openfire/ccc64630"><priority>0</priority></presence>
2012.09.17 20:04:23 org.jivesoftware.openfire.plugin.messageHistory.interceptor.MessageInterceptor - ------------------PACKET-HIT-------------------
2012.09.17 20:04:23 org.jivesoftware.openfire.plugin.messageHistory.interceptor.MessageInterceptor - XML = <presence from="mdefouw(at)rides.ca@rides.openfire/ccc64630"><priority>0</priority></presence>
2012.09.17 20:04:23 org.jivesoftware.openfire.plugin.messageHistory.interceptor.MessageInterceptor - ------------------PACKET-HIT-------------------
2012.09.17 20:04:30 org.jivesoftware.openfire.plugin.messageHistory.interceptor.MessageInterceptor - XML = <presence from="mdefouw(at)rides.ca@rides.openfire/ccc64630"><priority>0</priority></presence>
2012.09.17 20:04:30 org.jivesoftware.openfire.plugin.messageHistory.interceptor.MessageInterceptor - ------------------PACKET-HIT-------------------
2012.09.17 20:04:30 org.jivesoftware.openfire.plugin.messageHistory.interceptor.MessageInterceptor - XML = <presence from="mdefouw(at)rides.ca@rides.openfire/ccc64630"><priority>0</priority></presence>
2012.09.17 20:04:30 org.jivesoftware.openfire.plugin.messageHistory.interceptor.MessageInterceptor - ------------------PACKET-HIT-------------------
2012.09.17 20:05:18 org.jivesoftware.openfire.plugin.messageHistory.interceptor.MessageInterceptor - XML = <presence type="unavailable" from="mdefouw(at)rides.ca@rides.openfire/ccc64630"/>
2012.09.17 20:05:18 org.jivesoftware.openfire.plugin.messageHistory.interceptor.MessageInterceptor - ------------------PACKET-HIT-------------------
2012.09.17 20:05:18 org.jivesoftware.openfire.plugin.messageHistory.interceptor.MessageInterceptor - XML = <presence type="unavailable" from="mdefouw(at)rides.ca@rides.openfire/ccc64630"/>
2012.09.17 20:05:18 org.jivesoftware.openfire.plugin.messageHistory.interceptor.MessageInterceptor - ------------------PACKET-HIT-------------------
2012.09.17 20:05:19 org.jivesoftware.openfire.XMPPServer - Openfire stopped
2012.09.17 20:05:19 org.jivesoftware.openfire.XMPPServer - Server halted
